<?xml version="1.0" encoding="UTF-8"?>
<!-- Generated by org.testng.reporters.JUnitReportReporter -->
<testsuite hostname="Lenovo-PC" failures="0" tests="2" name="com.ProjectMain.Scripts.NavigationTest" time="7.771" errors="0" timestamp="2022-02-08T08:31:30 IST" skipped="0">
  <testcase classname="com.ProjectMain.Scripts.NavigationTest" name="testBase" time="0.003"/>
  <system-out/>
  <testcase classname="com.ProjectMain.Scripts.NavigationTest" name="checkNavigate" time="7.768"/>
  <system-out/>
</testsuite> <!-- com.ProjectMain.Scripts.NavigationTest -->
