<?xml version="1.0" encoding="UTF-8"?>
<!-- Generated by org.testng.reporters.JUnitReportReporter -->
<testsuite hostname="Lenovo-PC" failures="0" tests="4" name="com.ProjectMain.Scripts.ProjectTest" time="9.926" errors="0" timestamp="2022-02-08T08:31:30 IST" skipped="0">
  <testcase classname="com.ProjectMain.Scripts.ProjectTest" name="testBase" time="0.001"/>
  <system-out/>
  <testcase classname="com.ProjectMain.Scripts.ProjectTest" name="checkProject" time="1.255"/>
  <system-out/>
  <testcase classname="com.ProjectMain.Scripts.ProjectTest" name="checkAddProject" time="3.237"/>
  <system-out/>
  <testcase classname="com.ProjectMain.Scripts.ProjectTest" name="checkSaveProject" time="5.433"/>
  <system-out/>
</testsuite> <!-- com.ProjectMain.Scripts.ProjectTest -->
