<?xml version="1.0" encoding="UTF-8"?>
<!-- Generated by org.testng.reporters.JUnitReportReporter -->
<testsuite hostname="Lenovo-PC" failures="0" tests="4" name="com.ProjectMain.Scripts.TicketTest" time="4.089" errors="0" timestamp="2022-02-08T08:31:30 IST" skipped="0">
  <testcase classname="com.ProjectMain.Scripts.TicketTest" name="testBase" time="0.001"/>
  <system-out/>
  <testcase classname="com.ProjectMain.Scripts.TicketTest" name="checkTicket" time="1.553"/>
  <system-out/>
  <testcase classname="com.ProjectMain.Scripts.TicketTest" name="checkBatch" time="0.612"/>
  <system-out/>
  <testcase classname="com.ProjectMain.Scripts.TicketTest" name="checkAddTicket" time="1.923"/>
  <system-out/>
</testsuite> <!-- com.ProjectMain.Scripts.TicketTest -->
