<?xml version="1.0" encoding="UTF-8"?>
<!-- Generated by org.testng.reporters.JUnitReportReporter -->
<testsuite hostname="Lenovo-PC" failures="0" tests="5" name="com.ProjectMain.Scripts.LoginTest" time="7.853" errors="0" timestamp="2022-02-08T08:31:30 IST" skipped="0">
  <testcase classname="com.ProjectMain.Scripts.LoginTest" name="testBase" time="0.003"/>
  <system-out/>
  <testcase classname="com.ProjectMain.Scripts.LoginTest" name="verifysigninValidEmailInvalidPassword" time="1.124"/>
  <system-out/>
  <testcase classname="com.ProjectMain.Scripts.LoginTest" name="verifysigninInvalidEmailValidPassword" time="1.007"/>
  <system-out/>
  <testcase classname="com.ProjectMain.Scripts.LoginTest" name="verifysigninInvalidEmailInvalidPassword" time="0.938"/>
  <system-out/>
  <testcase classname="com.ProjectMain.Scripts.LoginTest" name="verifysigninValidEmailValidPassword" time="4.781"/>
  <system-out/>
</testsuite> <!-- com.ProjectMain.Scripts.LoginTest -->
