<?xml version="1.0" encoding="UTF-8"?>
<!-- Generated by org.testng.reporters.JUnitReportReporter -->
<testsuite hostname="Lenovo-PC" failures="0" tests="3" name="com.ProjectMain.Scripts.RegressionTest" time="8.310" errors="0" timestamp="2022-02-05T16:53:56 IST" skipped="0">
  <testcase classname="com.ProjectMain.Scripts.RegressionTest" name="testBase" time="0.039"/>
  <system-out/>
  <testcase classname="com.ProjectMain.Scripts.RegressionTest" name="checkSearch" time="7.330"/>
  <system-out/>
  <testcase classname="com.ProjectMain.Scripts.RegressionTest" name="checkTeamMembers" time="0.941"/>
  <system-out/>
</testsuite> <!-- com.ProjectMain.Scripts.RegressionTest -->
