<?xml version="1.0" encoding="UTF-8"?>
<!-- Generated by org.testng.reporters.JUnitReportReporter -->
<testsuite hostname="Lenovo-PC" failures="0" tests="4" name="com.ProjectMain.Scripts.ClientTest" time="4.614" errors="0" timestamp="2022-02-08T08:31:30 IST" skipped="0">
  <testcase classname="com.ProjectMain.Scripts.ClientTest" name="testBase" time="0.001"/>
  <system-out/>
  <testcase classname="com.ProjectMain.Scripts.ClientTest" name="overviewCheck" time="1.927"/>
  <system-out/>
  <testcase classname="com.ProjectMain.Scripts.ClientTest" name="editClient" time="1.653"/>
  <system-out/>
  <testcase classname="com.ProjectMain.Scripts.ClientTest" name="checkImportClient" time="1.033"/>
  <system-out/>
</testsuite> <!-- com.ProjectMain.Scripts.ClientTest -->
