<?xml version="1.0" encoding="UTF-8"?>
<!-- Generated by org.testng.reporters.JUnitReportReporter -->
<testsuite hostname="Lenovo-PC" failures="0" tests="4" name="com.ProjectMain.Scripts.TeamTest" time="3.751" errors="0" timestamp="2022-02-08T08:31:30 IST" skipped="0">
  <testcase classname="com.ProjectMain.Scripts.TeamTest" name="testBase" time="0.001"/>
  <system-out/>
  <testcase classname="com.ProjectMain.Scripts.TeamTest" name="checkTeamMembers" time="1.553"/>
  <system-out/>
  <testcase classname="com.ProjectMain.Scripts.TeamTest" name="sendInvite" time="1.116"/>
  <system-out/>
  <testcase classname="com.ProjectMain.Scripts.TeamTest" name="checkLeave" time="1.081"/>
  <system-out/>
</testsuite> <!-- com.ProjectMain.Scripts.TeamTest -->
