<?xml version="1.0" encoding="UTF-8"?>
<!-- Generated by org.testng.reporters.JUnitReportReporter -->
<testsuite hostname="Lenovo-PC" failures="0" tests="4" name="com.ProjectMain.Scripts.NotesTest" time="2.666" errors="0" timestamp="2022-02-08T08:31:30 IST" skipped="0">
  <testcase classname="com.ProjectMain.Scripts.NotesTest" name="testBase" time="0.001"/>
  <system-out/>
  <testcase classname="com.ProjectMain.Scripts.NotesTest" name="checkNote" time="1.172"/>
  <system-out/>
  <testcase classname="com.ProjectMain.Scripts.NotesTest" name="checkAddNote" time="1.284"/>
  <system-out/>
  <testcase classname="com.ProjectMain.Scripts.NotesTest" name="checkSearch" time="0.209"/>
  <system-out/>
</testsuite> <!-- com.ProjectMain.Scripts.NotesTest -->
