<?xml version="1.0" encoding="UTF-8"?>
<!-- Generated by org.testng.reporters.JUnitReportReporter -->
<testsuite hostname="Lenovo-PC" failures="0" tests="6" name="com.ProjectMain.Scripts.TaskTest" time="20.491" errors="0" timestamp="2022-02-08T08:31:30 IST" skipped="0">
  <testcase classname="com.ProjectMain.Scripts.TaskTest" name="testBase" time="0.003"/>
  <system-out/>
  <testcase classname="com.ProjectMain.Scripts.TaskTest" name="checkList" time="2.845"/>
  <system-out/>
  <testcase classname="com.ProjectMain.Scripts.TaskTest" name="checkKanban" time="2.725"/>
  <system-out/>
  <testcase classname="com.ProjectMain.Scripts.TaskTest" name="checkGantt" time="1.866"/>
  <system-out/>
  <testcase classname="com.ProjectMain.Scripts.TaskTest" name="checkAddTask" time="5.603"/>
  <system-out/>
  <testcase classname="com.ProjectMain.Scripts.TaskTest" name="checkSaveTask" time="7.449"/>
  <system-out/>
</testsuite> <!-- com.ProjectMain.Scripts.TaskTest -->
