<?xml version="1.0" encoding="UTF-8"?>
<!-- Generated by org.testng.reporters.JUnitReportReporter -->
<testsuite hostname="Lenovo-PC" failures="0" tests="8" name="com.ProjectMain.Scripts.DashBoardTest" time="30.734" errors="0" timestamp="2022-02-08T08:31:30 IST" skipped="0">
  <testcase classname="com.ProjectMain.Scripts.DashBoardTest" name="testBase" time="0.002"/>
  <system-out/>
  <testcase classname="com.ProjectMain.Scripts.DashBoardTest" name="checkDash" time="0.053"/>
  <system-out/>
  <testcase classname="com.ProjectMain.Scripts.DashBoardTest" name="checkTask" time="3.224"/>
  <system-out/>
  <testcase classname="com.ProjectMain.Scripts.DashBoardTest" name="checkEvents" time="3.554"/>
  <system-out/>
  <testcase classname="com.ProjectMain.Scripts.DashBoardTest" name="postAdd" time="19.848"/>
  <system-out/>
  <testcase classname="com.ProjectMain.Scripts.DashBoardTest" name="clockOut" time="2.001"/>
  <system-out/>
  <testcase classname="com.ProjectMain.Scripts.DashBoardTest" name="clockin" time="1.206"/>
  <system-out/>
  <testcase classname="com.ProjectMain.Scripts.DashBoardTest" name="checkProgress" time="0.846"/>
  <system-out/>
</testsuite> <!-- com.ProjectMain.Scripts.DashBoardTest -->
