<?xml version="1.0" encoding="UTF-8"?>
<!-- Generated by org.testng.reporters.JUnitReportReporter -->
<testsuite hostname="Lenovo-PC" failures="0" tests="4" name="com.ProjectMain.Scripts.SaanityTest" time="6.055" errors="0" timestamp="2022-02-05T16:53:56 IST" skipped="0">
  <testcase classname="com.ProjectMain.Scripts.SaanityTest" name="testBase" time="0.013"/>
  <system-out/>
  <testcase classname="com.ProjectMain.Scripts.SaanityTest" name="verifysigninValidEmailValidPassword" time="3.272"/>
  <system-out/>
  <testcase classname="com.ProjectMain.Scripts.SaanityTest" name="checkNote" time="1.513"/>
  <system-out/>
  <testcase classname="com.ProjectMain.Scripts.SaanityTest" name="checkAddNote" time="1.257"/>
  <system-out/>
</testsuite> <!-- com.ProjectMain.Scripts.SaanityTest -->
