<?xml version="1.0" encoding="UTF-8"?>
<!-- Generated by org.testng.reporters.JUnitReportReporter -->
<testsuite hostname="Lenovo-PC" failures="0" tests="1" name="com.ProjectMain.Scripts.TestBase" time="0.013" errors="0" timestamp="2022-02-08T08:31:30 IST" skipped="0">
  <testcase classname="com.ProjectMain.Scripts.TestBase" name="testBase" time="0.013"/>
  <system-out/>
</testsuite> <!-- com.ProjectMain.Scripts.TestBase -->
